

Processing WelcomeController#index (for 127.0.0.1 at 2010-08-09 15:06:02) [GET]
Rendering welcome/index
Completed in 25ms (View: 24, DB: 0) | 200 OK [http://localhost/]
  [4;36;1mSQL (0.2ms)[0m   [0;1m SELECT name
 FROM sqlite_master
 WHERE type = 'table' AND NOT name = 'sqlite_sequence'
[0m
  [4;35;1mSQL (0.1ms)[0m   [0mselect sqlite_version(*)[0m
  [4;36;1mSQL (2.0ms)[0m   [0;1mCREATE TABLE "schema_migrations" ("version" varchar(255) NOT NULL) [0m
  [4;35;1mSQL (0.0ms)[0m   [0mPRAGMA index_list("schema_migrations")[0m
  [4;36;1mSQL (1.5ms)[0m   [0;1mCREATE UNIQUE INDEX "unique_schema_migrations" ON "schema_migrations" ("version")[0m
  [4;35;1mSQL (0.1ms)[0m   [0m SELECT name
 FROM sqlite_master
 WHERE type = 'table' AND NOT name = 'sqlite_sequence'
[0m
  [4;36;1mSQL (0.1ms)[0m   [0;1mSELECT version FROM schema_migrations[0m
Migrating to DeviseCreateUsers (20100809194241)
  [4;35;1mSQL (0.3ms)[0m   [0mCREATE TABLE "users" ("id" INTEGER PRIMARY KEY AUTOINCREMENT NOT NULL, "email" varchar(255) DEFAULT '' NOT NULL, "encrypted_password" varchar(128) DEFAULT '' NOT NULL, "password_salt" varchar(255) DEFAULT '' NOT NULL, "confirmation_token" varchar(255), "confirmed_at" datetime, "confirmation_sent_at" datetime, "reset_password_token" varchar(255), "remember_token" varchar(255), "remember_created_at" datetime, "sign_in_count" integer DEFAULT 0, "current_sign_in_at" datetime, "last_sign_in_at" datetime, "current_sign_in_ip" varchar(255), "last_sign_in_ip" varchar(255), "created_at" datetime, "updated_at" datetime) [0m
  [4;36;1mSQL (0.0ms)[0m   [0;1mPRAGMA index_list("users")[0m
  [4;35;1mSQL (0.3ms)[0m   [0mCREATE UNIQUE INDEX "index_users_on_email" ON "users" ("email")[0m
  [4;36;1mSQL (0.1ms)[0m   [0;1mPRAGMA index_list("users")[0m
  [4;35;1mSQL (0.1ms)[0m   [0mPRAGMA index_info('index_users_on_email')[0m
  [4;36;1mSQL (0.1ms)[0m   [0;1mCREATE UNIQUE INDEX "index_users_on_confirmation_token" ON "users" ("confirmation_token")[0m
  [4;35;1mSQL (0.1ms)[0m   [0mPRAGMA index_list("users")[0m
  [4;36;1mSQL (0.1ms)[0m   [0;1mPRAGMA index_info('index_users_on_confirmation_token')[0m
  [4;35;1mSQL (0.1ms)[0m   [0mPRAGMA index_info('index_users_on_email')[0m
  [4;36;1mSQL (0.1ms)[0m   [0;1mCREATE UNIQUE INDEX "index_users_on_reset_password_token" ON "users" ("reset_password_token")[0m
  [4;35;1mSQL (0.1ms)[0m   [0mINSERT INTO schema_migrations (version) VALUES ('20100809194241')[0m
  [4;36;1mSQL (0.2ms)[0m   [0;1m SELECT name
 FROM sqlite_master
 WHERE type = 'table' AND NOT name = 'sqlite_sequence'
[0m
  [4;35;1mSQL (0.1ms)[0m   [0mSELECT version FROM schema_migrations[0m
  [4;36;1mSQL (0.1ms)[0m   [0;1m SELECT name
 FROM sqlite_master
 WHERE type = 'table' AND NOT name = 'sqlite_sequence'
[0m
  [4;35;1mSQL (0.1ms)[0m   [0mPRAGMA index_list("users")[0m
  [4;36;1mSQL (0.1ms)[0m   [0;1mPRAGMA index_info('index_users_on_reset_password_token')[0m
  [4;35;1mSQL (0.1ms)[0m   [0mPRAGMA index_info('index_users_on_confirmation_token')[0m
  [4;36;1mSQL (0.1ms)[0m   [0;1mPRAGMA index_info('index_users_on_email')[0m
  [4;36;1mUser Load (0.2ms)[0m   [0;1mSELECT "users".id FROM "users" WHERE ("users"."email" = 'james.v.prolizo@gmail.com') LIMIT 1[0m
  [4;35;1mUser Load (0.1ms)[0m   [0mSELECT "users".id FROM "users" WHERE ("users"."email" = 'james.v.prolizo@gmail.com') LIMIT 1[0m
  [4;36;1mUser Load (0.2ms)[0m   [0;1mSELECT "users".id FROM "users" WHERE ("users"."email" = 'james.v.prolizo@gmail.com') LIMIT 1[0m
  [4;35;1mUser Create (0.6ms)[0m   [0mINSERT INTO "users" ("encrypted_password", "created_at", "confirmation_sent_at", "last_sign_in_ip", "updated_at", "last_sign_in_at", "sign_in_count", "password_salt", "reset_password_token", "remember_token", "current_sign_in_ip", "confirmation_token", "remember_created_at", "current_sign_in_at", "email", "confirmed_at") VALUES('dd23b4dbaa02bd484fd8eb6329b1b1809e7398eb', '2010-08-09 19:53:29', NULL, NULL, '2010-08-09 19:53:29', NULL, 0, 'JfPY_-ihAPoLO74To7HU', NULL, NULL, NULL, NULL, NULL, NULL, 'james.v.prolizo@gmail.com', NULL)[0m
  [4;36;1mUser Load (0.3ms)[0m   [0;1mSELECT * FROM "users" LIMIT 1[0m
  [4;35;1mUser Load (0.6ms)[0m   [0mSELECT * FROM "users" [0m


Processing WelcomeController#index (for 127.0.0.1 at 2010-08-09 16:06:11) [GET]
Rendering template within layouts/application
Rendering welcome/index
Completed in 14ms (View: 13, DB: 0) | 200 OK [http://localhost/]


Processing WelcomeController#index (for 127.0.0.1 at 2010-08-09 16:06:23) [GET]
Rendering template within layouts/application
Rendering welcome/index
Completed in 2ms (View: 1, DB: 0) | 200 OK [http://localhost/]


Processing WelcomeController#index (for 127.0.0.1 at 2010-08-09 16:06:53) [GET]
Rendering template within layouts/application
Rendering welcome/index
Completed in 45ms (View: 44, DB: 0) | 200 OK [http://localhost/]


Processing WelcomeController#index (for 127.0.0.1 at 2010-08-09 16:06:55) [GET]
Rendering template within layouts/application
Rendering welcome/index
Completed in 2ms (View: 1, DB: 0) | 200 OK [http://localhost/]


Processing WelcomeController#index (for 127.0.0.1 at 2010-08-09 16:07:43) [GET]
Rendering template within layouts/application
Rendering welcome/index
Completed in 5ms (View: 4, DB: 0) | 200 OK [http://localhost/]


Processing UsersController#index (for 127.0.0.1 at 2010-08-09 16:07:52) [GET]


Processing SessionsController#new (for 127.0.0.1 at 2010-08-09 16:07:52) [GET]
  Parameters: {"unauthenticated"=>"true"}
Rendering template within layouts/application
Rendering sessions/new
Rendered shared/_devise_links (1.1ms)
Completed in 19ms (View: 12, DB: 0) | 200 OK [http://localhost/users/sign_in?unauthenticated=true]


Processing RegistrationsController#new (for 127.0.0.1 at 2010-08-09 16:08:22) [GET]
Rendering template within layouts/application
Rendering registrations/new
Rendered shared/_devise_links (0.3ms)
Completed in 18ms (View: 13, DB: 0) | 200 OK [http://localhost/users/sign_up]


Processing UsersController#index (for 127.0.0.1 at 2010-08-09 16:09:07) [GET]


Processing SessionsController#new (for 127.0.0.1 at 2010-08-09 16:09:07) [GET]
  Parameters: {"unauthenticated"=>"true"}
Rendering template within layouts/application
Rendering sessions/new
Rendered shared/_devise_links (0.4ms)
Completed in 59ms (View: 52, DB: 0) | 200 OK [http://localhost/users/sign_in?unauthenticated=true]


Processing UsersController#index (for 127.0.0.1 at 2010-08-09 16:09:43) [GET]


Processing SessionsController#new (for 127.0.0.1 at 2010-08-09 16:09:43) [GET]
  Parameters: {"unauthenticated"=>"true"}
Rendering template within layouts/application
Rendering sessions/new
Rendered shared/_devise_links (0.3ms)
Completed in 12ms (View: 5, DB: 0) | 200 OK [http://localhost/users/sign_in?unauthenticated=true]


Processing RegistrationsController#new (for 127.0.0.1 at 2010-08-09 16:10:04) [GET]
Rendering template within layouts/application
Rendering registrations/new
Rendered shared/_devise_links (0.3ms)
Completed in 12ms (View: 7, DB: 0) | 200 OK [http://localhost/users/sign_up]


Processing SessionsController#new (for 127.0.0.1 at 2010-08-09 16:10:17) [GET]
Rendering template within layouts/application
Rendering sessions/new
Rendered shared/_devise_links (0.3ms)
Completed in 12ms (View: 7, DB: 0) | 200 OK [http://localhost/users/sign_in]


Processing SessionsController#create (for 127.0.0.1 at 2010-08-09 16:10:26) [POST]
  Parameters: {"commit"=>"Sign in", "authenticity_token"=>"qLDmedIxJWVGDjNSXiIr+fJQWW/TItfFD6I9ktLs5KQ=", "user"=>{"remember_me"=>"0", "password"=>"test1234", "email"=>"james.v.prolizo@gmail.com"}}
  [4;36;1mUser Load (0.5ms)[0m   [0;1mSELECT * FROM "users" WHERE ("users"."email" = 'james.v.prolizo@gmail.com') LIMIT 1[0m
  [4;35;1mUser Update (0.2ms)[0m   [0mUPDATE "users" SET "updated_at" = '2010-08-09 20:10:26', "sign_in_count" = 1, "current_sign_in_at" = '2010-08-09 20:10:26', "current_sign_in_ip" = '127.0.0.1', "last_sign_in_at" = '2010-08-09 20:10:26', "last_sign_in_ip" = '127.0.0.1' WHERE "id" = 1[0m
Redirected to http://localhost:3002/users
Completed in 58ms (DB: 1) | 302 Found [http://localhost/users/sign_in]


Processing UsersController#index (for 127.0.0.1 at 2010-08-09 16:10:26) [GET]
  [4;36;1mUser Load (0.4ms)[0m   [0;1mSELECT * FROM "users" WHERE ("users"."id" = 1) LIMIT 1[0m

ActionController::UnknownAction (No action responded to index. Actions: ):
  warden (0.10.7) lib/warden/manager.rb:35:in `call'
  warden (0.10.7) lib/warden/manager.rb:34:in `catch'
  warden (0.10.7) lib/warden/manager.rb:34:in `call'
  haml (3.0.15) rails/./lib/sass/plugin/rack.rb:41:in `call'

Rendering rescues/layout (not_found)


Processing RegistrationsController#new (for 127.0.0.1 at 2010-08-09 16:11:16) [GET]
  [4;35;1mUser Load (0.4ms)[0m   [0mSELECT * FROM "users" WHERE ("users"."id" = 1) LIMIT 1[0m
Redirected to http://localhost:3002/
Filter chain halted as [:require_no_authentication] rendered_or_redirected.
Completed in 5ms (DB: 0) | 302 Found [http://localhost/users/sign_up]


Processing WelcomeController#index (for 127.0.0.1 at 2010-08-09 16:11:16) [GET]
Rendering template within layouts/application
Rendering welcome/index
Completed in 4ms (View: 3, DB: 0) | 200 OK [http://localhost/]


Processing ApplicationController#index (for 127.0.0.1 at 2010-08-09 16:11:28) [GET]

ActionController::RoutingError (No route matches "/sign_out" with {:method=>:get}):
  warden (0.10.7) lib/warden/manager.rb:35:in `call'
  warden (0.10.7) lib/warden/manager.rb:34:in `catch'
  warden (0.10.7) lib/warden/manager.rb:34:in `call'
  haml (3.0.15) rails/./lib/sass/plugin/rack.rb:41:in `call'

Rendering rescues/layout (not_found)


Processing SessionsController#destroy (for 127.0.0.1 at 2010-08-09 16:11:38) [GET]
  [4;36;1mUser Load (0.5ms)[0m   [0;1mSELECT * FROM "users" WHERE ("users"."id" = 1) LIMIT 1[0m
  [4;35;1mSQL (0.1ms)[0m   [0m SELECT name
 FROM sqlite_master
 WHERE type = 'table' AND NOT name = 'sqlite_sequence'
[0m
Redirected to http://localhost:3002/
Completed in 10ms (DB: 1) | 302 Found [http://localhost/users/sign_out]


Processing WelcomeController#index (for 127.0.0.1 at 2010-08-09 16:11:38) [GET]
Rendering template within layouts/application
Rendering welcome/index
Completed in 2ms (View: 1, DB: 0) | 200 OK [http://localhost/]


Processing UsersController#index (for 127.0.0.1 at 2010-08-09 16:11:46) [GET]


Processing SessionsController#new (for 127.0.0.1 at 2010-08-09 16:11:46) [GET]
  Parameters: {"unauthenticated"=>"true"}
Rendering template within layouts/application
Rendering sessions/new
Rendered shared/_devise_links (0.3ms)
Completed in 12ms (View: 5, DB: 0) | 200 OK [http://localhost/users/sign_in?unauthenticated=true]


Processing RegistrationsController#new (for 127.0.0.1 at 2010-08-09 16:11:49) [GET]
Rendering template within layouts/application
Rendering registrations/new
Rendered shared/_devise_links (0.4ms)
Completed in 57ms (View: 51, DB: 0) | 200 OK [http://localhost/users/sign_up]


Processing RegistrationsController#create (for 127.0.0.1 at 2010-08-09 16:12:10) [POST]
  Parameters: {"commit"=>"Sign up", "authenticity_token"=>"qLDmedIxJWVGDjNSXiIr+fJQWW/TItfFD6I9ktLs5KQ=", "user"=>{"password_confirmation"=>"test1234", "password"=>"test1234", "email"=>"jprolizotemp@primedia.com"}}
  [4;36;1mUser Load (0.1ms)[0m   [0;1mSELECT "users".id FROM "users" WHERE ("users"."email" = 'jprolizotemp@primedia.com') LIMIT 1[0m
  [4;35;1mUser Create (0.4ms)[0m   [0mINSERT INTO "users" ("encrypted_password", "created_at", "confirmation_sent_at", "last_sign_in_ip", "updated_at", "last_sign_in_at", "sign_in_count", "password_salt", "reset_password_token", "remember_token", "current_sign_in_ip", "confirmation_token", "remember_created_at", "current_sign_in_at", "email", "confirmed_at") VALUES('effe67ea59f32b57ef93af3d0f1867e6af404944', '2010-08-09 20:12:10', NULL, NULL, '2010-08-09 20:12:10', NULL, 0, 'CUA3wSpvNQyKmedrr-CG', NULL, NULL, NULL, NULL, NULL, NULL, 'jprolizotemp@primedia.com', NULL)[0m
  [4;36;1mUser Update (0.2ms)[0m   [0;1mUPDATE "users" SET "updated_at" = '2010-08-09 20:12:10', "sign_in_count" = 1, "current_sign_in_at" = '2010-08-09 20:12:10', "current_sign_in_ip" = '127.0.0.1', "last_sign_in_at" = '2010-08-09 20:12:10', "last_sign_in_ip" = '127.0.0.1' WHERE "id" = 2[0m
Redirected to http://localhost:3002/users
Completed in 16ms (DB: 1) | 302 Found [http://localhost/users]


Processing UsersController#index (for 127.0.0.1 at 2010-08-09 16:12:10) [GET]
  [4;35;1mUser Load (0.5ms)[0m   [0mSELECT * FROM "users" WHERE ("users"."id" = 2) LIMIT 1[0m

ActionController::UnknownAction (No action responded to index. Actions: ):
  warden (0.10.7) lib/warden/manager.rb:35:in `call'
  warden (0.10.7) lib/warden/manager.rb:34:in `catch'
  warden (0.10.7) lib/warden/manager.rb:34:in `call'
  haml (3.0.15) rails/./lib/sass/plugin/rack.rb:41:in `call'

Rendering rescues/layout (not_found)


Processing WelcomeController#index (for 127.0.0.1 at 2010-08-09 16:12:20) [GET]
Rendering template within layouts/application
Rendering welcome/index
Completed in 4ms (View: 3, DB: 0) | 200 OK [http://localhost/]


Processing UsersController#index (for 127.0.0.1 at 2010-08-09 16:12:43) [GET]
  [4;36;1mUser Load (0.5ms)[0m   [0;1mSELECT * FROM "users" WHERE ("users"."id" = 2) LIMIT 1[0m

ActionController::UnknownAction (No action responded to index. Actions: ):
  warden (0.10.7) lib/warden/manager.rb:35:in `call'
  warden (0.10.7) lib/warden/manager.rb:34:in `catch'
  warden (0.10.7) lib/warden/manager.rb:34:in `call'
  haml (3.0.15) rails/./lib/sass/plugin/rack.rb:41:in `call'

Rendering rescues/layout (not_found)


Processing SessionsController#destroy (for 127.0.0.1 at 2010-08-09 16:12:49) [GET]
  [4;35;1mUser Load (0.4ms)[0m   [0mSELECT * FROM "users" WHERE ("users"."id" = 2) LIMIT 1[0m
  [4;36;1mSQL (0.1ms)[0m   [0;1m SELECT name
 FROM sqlite_master
 WHERE type = 'table' AND NOT name = 'sqlite_sequence'
[0m
Redirected to http://localhost:3002/
Completed in 10ms (DB: 1) | 302 Found [http://localhost/users/sign_out]


Processing WelcomeController#index (for 127.0.0.1 at 2010-08-09 16:12:49) [GET]
Rendering template within layouts/application
Rendering welcome/index
Completed in 2ms (View: 1, DB: 0) | 200 OK [http://localhost/]


Processing WelcomeController#index (for 127.0.0.1 at 2010-08-09 16:15:55) [GET]
  Parameters: {"action"=>"index", "controller"=>"welcome"}
Rendering template within layouts/application
Rendering welcome/index
Completed in 10ms (View: 9, DB: 0) | 200 OK [http://localhost/]


Processing UsersController#index (for 127.0.0.1 at 2010-08-09 16:16:00) [GET]
  Parameters: {"action"=>"index", "controller"=>"users"}


Processing SessionsController#new (for 127.0.0.1 at 2010-08-09 16:16:00) [GET]
  Parameters: {"unauthenticated"=>"true", "action"=>"new", "controller"=>"sessions"}
Rendering template within layouts/application
Rendering sessions/new
Rendered shared/_devise_links (1.2ms)
Completed in 63ms (View: 12, DB: 0) | 200 OK [http://localhost/users/sign_in?unauthenticated=true]


Processing RegistrationsController#new (for 127.0.0.1 at 2010-08-09 16:16:10) [GET]
  Parameters: {"action"=>"new", "controller"=>"registrations"}
Rendering template within layouts/application
Rendering registrations/new
Rendered shared/_devise_links (0.5ms)
Completed in 15ms (View: 10, DB: 0) | 200 OK [http://localhost/users/sign_up]


Processing RegistrationsController#create (for 127.0.0.1 at 2010-08-09 16:16:20) [POST]
  Parameters: {"commit"=>"Sign up", "action"=>"create", "authenticity_token"=>"qLDmedIxJWVGDjNSXiIr+fJQWW/TItfFD6I9ktLs5KQ=", "controller"=>"registrations", "user"=>{"password_confirmation"=>"[FILTERED]", "password"=>"[FILTERED]", "email"=>"jprolizotemp@primedia.com"}}
  [4;36;1mUser Load (0.2ms)[0m   [0;1mSELECT "users".id FROM "users" WHERE ("users"."email" = 'jprolizotemp@primedia.com') LIMIT 1[0m
Rendering template within layouts/application
Rendering registrations/new
Rendered shared/_devise_links (0.4ms)
Completed in 21ms (View: 7, DB: 0) | 200 OK [http://localhost/users]


Processing RegistrationsController#create (for 127.0.0.1 at 2010-08-09 16:16:39) [POST]
  Parameters: {"commit"=>"Sign up", "action"=>"create", "authenticity_token"=>"qLDmedIxJWVGDjNSXiIr+fJQWW/TItfFD6I9ktLs5KQ=", "controller"=>"registrations", "user"=>{"password_confirmation"=>"[FILTERED]", "password"=>"[FILTERED]", "email"=>"zack.adams@primedia.com"}}
  [4;35;1mUser Load (0.1ms)[0m   [0mSELECT "users".id FROM "users" WHERE ("users"."email" = 'zack.adams@primedia.com') LIMIT 1[0m
  [4;36;1mUser Create (0.3ms)[0m   [0;1mINSERT INTO "users" ("encrypted_password", "created_at", "confirmation_sent_at", "last_sign_in_ip", "updated_at", "last_sign_in_at", "sign_in_count", "password_salt", "reset_password_token", "remember_token", "current_sign_in_ip", "confirmation_token", "remember_created_at", "current_sign_in_at", "email", "confirmed_at") VALUES('c722c8dc57908869f1dc57a2fc2c56219dd6f9b3', '2010-08-09 20:16:39', '2010-08-09 20:16:39', NULL, '2010-08-09 20:16:39', NULL, 0, 'VhAnUmdtKl8yQcNyrScS', NULL, NULL, NULL, 'Kz43wtImGEtC04E1m6DY', NULL, NULL, 'zack.adams@primedia.com', NULL)[0m
Sent mail to zack.adams@primedia.com

Date: Mon, 9 Aug 2010 16:16:39 -0400
From: pechakucha@primedia.com
To: zack.adams@primedia.com
Subject: Confirmation instructions
Mime-Version: 1.0
Content-Type: text/html; charset=utf-8

<p>Welcome zack.adams@primedia.com!</p>

<p>You can confirm your account through the link below:</p>

<p><a href="http://localhost:3002/users/confirmation?confirmation_token=Kz43wtImGEtC04E1m6DY">Confirm my account</a></p>


Processing SessionsController#new (for 127.0.0.1 at 2010-08-09 16:16:39) [GET]
  Parameters: {"action"=>"new", "unconfirmed"=>"true", "controller"=>"sessions"}
Rendering template within layouts/application
Rendering sessions/new
Rendered shared/_devise_links (0.5ms)
Completed in 12ms (View: 7, DB: 0) | 200 OK [http://localhost/users/sign_in?unconfirmed=true]


Processing SessionsController#create (for 127.0.0.1 at 2010-08-09 16:16:52) [POST]
  Parameters: {"commit"=>"Sign in", "action"=>"create", "authenticity_token"=>"qLDmedIxJWVGDjNSXiIr+fJQWW/TItfFD6I9ktLs5KQ=", "controller"=>"sessions", "user"=>{"remember_me"=>"0", "password"=>"[FILTERED]", "email"=>"zack.adams@primedia.com"}}
  [4;35;1mUser Load (0.5ms)[0m   [0mSELECT * FROM "users" WHERE ("users"."email" = 'zack.adams@primedia.com') LIMIT 1[0m
WARNING: Can't mass-assign these protected attributes: remember_me
Rendering template within layouts/application
Rendering sessions/new
Rendered shared/_devise_links (0.5ms)
Completed in 19ms (View: 4, DB: 0) | 200 OK [http://localhost/users/sign_in]


Processing ConfirmationsController#show (for 127.0.0.1 at 2010-08-09 16:24:57) [GET]
  Parameters: {"action"=>"show", "controller"=>"confirmations", "confirmation_token"=>"Kz43wtImGEtC04E1m6DY"}
  [4;36;1mUser Load (0.4ms)[0m   [0;1mSELECT * FROM "users" WHERE ("users"."confirmation_token" = 'Kz43wtImGEtC04E1m6DY') LIMIT 1[0m
  [4;35;1mUser Update (0.4ms)[0m   [0mUPDATE "users" SET "updated_at" = '2010-08-09 20:24:57', "confirmed_at" = '2010-08-09 20:24:57', "confirmation_token" = NULL WHERE "id" = 3[0m
  [4;36;1mUser Update (0.2ms)[0m   [0;1mUPDATE "users" SET "updated_at" = '2010-08-09 20:24:57', "sign_in_count" = 1, "current_sign_in_at" = '2010-08-09 20:24:57', "current_sign_in_ip" = '127.0.0.1', "last_sign_in_at" = '2010-08-09 20:24:57', "last_sign_in_ip" = '127.0.0.1' WHERE "id" = 3[0m
Redirected to http://localhost:3002/users
Completed in 15ms (DB: 1) | 302 Found [http://localhost/users/confirmation?confirmation_token=Kz43wtImGEtC04E1m6DY]


Processing UsersController#index (for 127.0.0.1 at 2010-08-09 16:24:57) [GET]
  Parameters: {"action"=>"index", "controller"=>"users"}
  [4;35;1mUser Load (0.5ms)[0m   [0mSELECT * FROM "users" WHERE ("users"."id" = 3) LIMIT 1[0m

ActionController::UnknownAction (No action responded to index. Actions: ):
  warden (0.10.7) lib/warden/manager.rb:35:in `call'
  warden (0.10.7) lib/warden/manager.rb:34:in `catch'
  warden (0.10.7) lib/warden/manager.rb:34:in `call'
  haml (3.0.15) rails/./lib/sass/plugin/rack.rb:41:in `call'

Rendering rescues/layout (not_found)


Processing WelcomeController#index (for 127.0.0.1 at 2010-08-09 16:25:14) [GET]
  Parameters: {"action"=>"index", "controller"=>"welcome"}
Rendering template within layouts/application
Rendering welcome/index
Completed in 5ms (View: 3, DB: 0) | 200 OK [http://localhost/]
